<?xml version="1.0" encoding="UTF-8"?>
<testsuite xmlns:xsi="http://www.w3.org/2001/XMLSchema-instance" xsi:noNamespaceSchemaLocation="https://maven.apache.org/surefire/maven-surefire-plugin/xsd/surefire-test-report-3.0.xsd" version="3.0" name="TestSuite" time="0.304" tests="7" errors="0" skipped="0" failures="0">
  <properties>
[...]
</properties>
  <testcase name="shouldAnswerWithTrue" classname="maven_project.maven_java.AppTest" time="0.004">
    <system-out><![CDATA[App test method executes!
]]></system-out>
  </testcase>
  <testcase name="browserAutomation" classname="maven_project.maven_java.seleniumTest" time="0">
    <system-out><![CDATA[browser Automation Executes!
]]></system-out>
  </testcase>
  <testcase name="browserAutomation2" classname="maven_project.maven_java.seleniumTest" time="0.001">
    <system-out><![CDATA[browser Automation2 Executes!
]]></system-out>
  </testcase>
  <testcase name="restassuredTest1" classname="maven_project.maven_java.restassuredTest" time="0">
    <system-out><![CDATA[restassuredTest1 Executes!
]]></system-out>
  </testcase>
  <testcase name="restassuredTest2" classname="maven_project.maven_java.restassuredTest" time="0">
    <system-out><![CDATA[restassuredTest2 Executes!
]]></system-out>
  </testcase>
  <testcase name="appiumTest1" classname="maven_project.maven_java.appiumTest" time="0">
    <system-out><![CDATA[appiumTest1 Executes!
]]></system-out>
  </testcase>
  <testcase name="appiumTest2" classname="maven_project.maven_java.appiumTest" time="0">
    <system-out><![CDATA[appiumTest2 Executes!
]]></system-out>
  </testcase>
</testsuite>