<?xml version="1.0" encoding="UTF-8"?>
<!-- Generated by org.testng.reporters.JUnitXMLReporter -->
<testsuite hostname="vishal" ignored="0" name="Command line test" tests="7" failures="0" timestamp="2020-06-25T10:39:30 IST" time="0.039" errors="0">
  <testcase name="restassuredTest1" time="0.005" classname="maven_project.maven_java.restassuredTest"/>
  <testcase name="restassuredTest2" time="0.0" classname="maven_project.maven_java.restassuredTest"/>
  <testcase name="shouldAnswerWithTrue" time="0.0" classname="maven_project.maven_java.AppTest"/>
  <testcase name="browserAutomation" time="0.0" classname="maven_project.maven_java.seleniumTest"/>
  <testcase name="browserAutomation2" time="0.0" classname="maven_project.maven_java.seleniumTest"/>
  <testcase name="appiumTest1" time="0.0" classname="maven_project.maven_java.appiumTest"/>
  <testcase name="appiumTest2" time="0.001" classname="maven_project.maven_java.appiumTest"/>
</testsuite> <!-- Command line test -->
